15-04-2025 00:48:21 - INFO - Use pytorch device_name: cpu
15-04-2025 00:48:21 - INFO - Load pretrained SentenceTransformer: sentence-transformers/LaBSE
15-04-2025 00:48:27 - WARNING - Xet Storage is enabled for this repo, but the 'hf_xet' package is not installed. Falling back to regular HTTP download. For better performance, install the package with: `pip install huggingface_hub[hf_xet]` or `pip install hf_xet`
15-04-2025 00:50:26 - INFO - Use pytorch device_name: cpu
15-04-2025 00:50:26 - INFO - Load pretrained SentenceTransformer: sentence-transformers/LaBSE
15-04-2025 01:10:18 - INFO - Use pytorch device_name: cpu
15-04-2025 01:10:18 - INFO - Load pretrained SentenceTransformer: sentence-transformers/LaBSE
15-04-2025 01:12:12 - INFO - Use pytorch device_name: cpu
15-04-2025 01:12:12 - INFO - Load pretrained SentenceTransformer: sentence-transformers/LaBSE
15-04-2025 01:13:23 - INFO - Use pytorch device_name: cpu
15-04-2025 01:13:23 - INFO - Load pretrained SentenceTransformer: sentence-transformers/LaBSE
15-04-2025 01:21:13 - INFO - Use pytorch device_name: cpu
15-04-2025 01:21:13 - INFO - Load pretrained SentenceTransformer: sentence-transformers/LaBSE
15-04-2025 01:23:16 - INFO - Use pytorch device_name: cpu
15-04-2025 01:23:16 - INFO - Load pretrained SentenceTransformer: sentence-transformers/LaBSE
15-04-2025 01:26:19 - INFO - Use pytorch device_name: cpu
15-04-2025 01:26:19 - INFO - Load pretrained SentenceTransformer: sentence-transformers/LaBSE
15-04-2025 01:27:08 - INFO - Use pytorch device_name: cpu
15-04-2025 01:27:08 - INFO - Load pretrained SentenceTransformer: sentence-transformers/LaBSE
15-04-2025 01:30:11 - INFO - Use pytorch device_name: cpu
15-04-2025 01:30:11 - INFO - Load pretrained SentenceTransformer: sentence-transformers/LaBSE
15-04-2025 01:38:28 - INFO - Use pytorch device_name: cpu
15-04-2025 01:38:28 - INFO - Load pretrained SentenceTransformer: sentence-transformers/LaBSE
16-04-2025 15:01:53 - INFO - Use pytorch device_name: cpu
16-04-2025 15:01:53 - INFO - Load pretrained SentenceTransformer: sentence-transformers/LaBSE
16-04-2025 15:05:46 - INFO - Use pytorch device_name: cpu
16-04-2025 15:05:46 - INFO - Load pretrained SentenceTransformer: sentence-transformers/LaBSE
16-04-2025 15:05:51 - INFO - Use pytorch device_name: cpu
16-04-2025 15:05:51 - INFO - Load pretrained SentenceTransformer: sentence-transformers/LaBSE
16-04-2025 15:05:56 - INFO - Use pytorch device_name: cpu
16-04-2025 15:05:56 - INFO - Load pretrained SentenceTransformer: sentence-transformers/LaBSE
16-04-2025 15:06:01 - INFO - Use pytorch device_name: cpu
16-04-2025 15:06:01 - INFO - Load pretrained SentenceTransformer: sentence-transformers/LaBSE
16-04-2025 15:08:22 - INFO - Use pytorch device_name: cpu
16-04-2025 15:08:22 - INFO - Load pretrained SentenceTransformer: sentence-transformers/LaBSE
16-04-2025 15:08:27 - INFO - Use pytorch device_name: cpu
16-04-2025 15:08:27 - INFO - Load pretrained SentenceTransformer: sentence-transformers/LaBSE
16-04-2025 15:08:39 - INFO - Use pytorch device_name: cpu
16-04-2025 15:08:39 - INFO - Load pretrained SentenceTransformer: sentence-transformers/LaBSE
16-04-2025 15:08:43 - INFO - Use pytorch device_name: cpu
16-04-2025 15:08:43 - INFO - Load pretrained SentenceTransformer: sentence-transformers/LaBSE
16-04-2025 15:08:48 - INFO - Use pytorch device_name: cpu
16-04-2025 15:08:48 - INFO - Load pretrained SentenceTransformer: sentence-transformers/LaBSE
16-04-2025 15:09:52 - INFO - Use pytorch device_name: cpu
16-04-2025 15:09:52 - INFO - Load pretrained SentenceTransformer: sentence-transformers/LaBSE
16-04-2025 15:09:58 - INFO - Use pytorch device_name: cpu
16-04-2025 15:09:58 - INFO - Load pretrained SentenceTransformer: sentence-transformers/LaBSE
16-04-2025 15:10:04 - INFO - Use pytorch device_name: cpu
16-04-2025 15:10:04 - INFO - Load pretrained SentenceTransformer: sentence-transformers/LaBSE
16-04-2025 15:10:08 - INFO - Use pytorch device_name: cpu
16-04-2025 15:10:08 - INFO - Load pretrained SentenceTransformer: sentence-transformers/LaBSE
16-04-2025 15:10:21 - INFO - Use pytorch device_name: cpu
16-04-2025 15:10:21 - INFO - Load pretrained SentenceTransformer: sentence-transformers/LaBSE
16-04-2025 15:11:23 - INFO - Use pytorch device_name: cpu
16-04-2025 15:11:23 - INFO - Load pretrained SentenceTransformer: sentence-transformers/LaBSE
16-04-2025 15:11:29 - INFO - Use pytorch device_name: cpu
16-04-2025 15:11:29 - INFO - Load pretrained SentenceTransformer: sentence-transformers/LaBSE
16-04-2025 15:11:34 - INFO - Use pytorch device_name: cpu
16-04-2025 15:11:34 - INFO - Load pretrained SentenceTransformer: sentence-transformers/LaBSE
16-04-2025 15:11:38 - INFO - Use pytorch device_name: cpu
16-04-2025 15:11:38 - INFO - Load pretrained SentenceTransformer: sentence-transformers/LaBSE
16-04-2025 15:11:43 - INFO - Use pytorch device_name: cpu
16-04-2025 15:11:43 - INFO - Load pretrained SentenceTransformer: sentence-transformers/LaBSE
16-04-2025 15:19:15 - INFO - Use pytorch device_name: cpu
16-04-2025 15:19:15 - INFO - Load pretrained SentenceTransformer: sentence-transformers/LaBSE
16-04-2025 15:20:36 - INFO - Use pytorch device_name: cpu
16-04-2025 15:20:36 - INFO - Load pretrained SentenceTransformer: sentence-transformers/LaBSE
16-04-2025 15:22:34 - INFO - Use pytorch device_name: cpu
16-04-2025 15:22:34 - INFO - Load pretrained SentenceTransformer: sentence-transformers/LaBSE
16-04-2025 16:02:20 - INFO - Use pytorch device_name: cpu
16-04-2025 16:02:20 - INFO - Load pretrained SentenceTransformer: sentence-transformers/LaBSE
16-04-2025 16:03:27 - INFO - Use pytorch device_name: cpu
16-04-2025 16:03:27 - INFO - Load pretrained SentenceTransformer: sentence-transformers/LaBSE
16-04-2025 16:04:33 - INFO - Use pytorch device_name: cpu
16-04-2025 16:04:33 - INFO - Load pretrained SentenceTransformer: sentence-transformers/LaBSE
16-04-2025 16:04:38 - INFO - Use pytorch device_name: cpu
16-04-2025 16:04:38 - INFO - Load pretrained SentenceTransformer: sentence-transformers/LaBSE
16-04-2025 16:04:42 - INFO - Use pytorch device_name: cpu
16-04-2025 16:04:42 - INFO - Load pretrained SentenceTransformer: sentence-transformers/LaBSE
16-04-2025 16:04:46 - INFO - Use pytorch device_name: cpu
16-04-2025 16:04:46 - INFO - Load pretrained SentenceTransformer: sentence-transformers/LaBSE
16-04-2025 16:04:52 - INFO - Use pytorch device_name: cpu
16-04-2025 16:04:52 - INFO - Load pretrained SentenceTransformer: sentence-transformers/LaBSE
16-04-2025 16:04:56 - INFO - Use pytorch device_name: cpu
16-04-2025 16:04:56 - INFO - Load pretrained SentenceTransformer: sentence-transformers/LaBSE
16-04-2025 16:05:01 - INFO - Use pytorch device_name: cpu
16-04-2025 16:05:01 - INFO - Load pretrained SentenceTransformer: sentence-transformers/LaBSE
16-04-2025 16:05:06 - INFO - Use pytorch device_name: cpu
16-04-2025 16:05:06 - INFO - Load pretrained SentenceTransformer: sentence-transformers/LaBSE
16-04-2025 16:05:10 - INFO - Use pytorch device_name: cpu
16-04-2025 16:05:10 - INFO - Load pretrained SentenceTransformer: sentence-transformers/LaBSE
16-04-2025 16:21:56 - INFO - Use pytorch device_name: cpu
16-04-2025 16:21:56 - INFO - Load pretrained SentenceTransformer: sentence-transformers/LaBSE
16-04-2025 16:22:01 - INFO - Use pytorch device_name: cpu
16-04-2025 16:22:01 - INFO - Load pretrained SentenceTransformer: sentence-transformers/LaBSE
16-04-2025 16:22:05 - INFO - Use pytorch device_name: cpu
16-04-2025 16:22:05 - INFO - Load pretrained SentenceTransformer: sentence-transformers/LaBSE
16-04-2025 16:22:10 - INFO - Use pytorch device_name: cpu
16-04-2025 16:22:10 - INFO - Load pretrained SentenceTransformer: sentence-transformers/LaBSE
16-04-2025 16:22:29 - INFO - Use pytorch device_name: cpu
16-04-2025 16:22:29 - INFO - Load pretrained SentenceTransformer: sentence-transformers/LaBSE
16-04-2025 16:22:34 - INFO - Use pytorch device_name: cpu
16-04-2025 16:22:34 - INFO - Load pretrained SentenceTransformer: sentence-transformers/LaBSE
16-04-2025 16:22:38 - INFO - Use pytorch device_name: cpu
16-04-2025 16:22:38 - INFO - Load pretrained SentenceTransformer: sentence-transformers/LaBSE
16-04-2025 16:24:00 - INFO - Use pytorch device_name: cpu
16-04-2025 16:24:00 - INFO - Load pretrained SentenceTransformer: sentence-transformers/LaBSE
16-04-2025 16:24:06 - INFO - Use pytorch device_name: cpu
16-04-2025 16:24:06 - INFO - Load pretrained SentenceTransformer: sentence-transformers/LaBSE
16-04-2025 16:24:11 - INFO - Use pytorch device_name: cpu
16-04-2025 16:24:11 - INFO - Load pretrained SentenceTransformer: sentence-transformers/LaBSE
16-04-2025 16:24:15 - INFO - Use pytorch device_name: cpu
16-04-2025 16:24:15 - INFO - Load pretrained SentenceTransformer: sentence-transformers/LaBSE
16-04-2025 16:24:20 - INFO - Use pytorch device_name: cpu
16-04-2025 16:24:20 - INFO - Load pretrained SentenceTransformer: sentence-transformers/LaBSE
16-04-2025 16:24:25 - INFO - Use pytorch device_name: cpu
16-04-2025 16:24:25 - INFO - Load pretrained SentenceTransformer: sentence-transformers/LaBSE
16-04-2025 16:24:30 - INFO - Use pytorch device_name: cpu
16-04-2025 16:24:30 - INFO - Load pretrained SentenceTransformer: sentence-transformers/LaBSE
16-04-2025 16:24:35 - INFO - Use pytorch device_name: cpu
16-04-2025 16:24:35 - INFO - Load pretrained SentenceTransformer: sentence-transformers/LaBSE
16-04-2025 16:24:40 - INFO - Use pytorch device_name: cpu
16-04-2025 16:24:40 - INFO - Load pretrained SentenceTransformer: sentence-transformers/LaBSE
16-04-2025 16:29:13 - INFO - Use pytorch device_name: cpu
16-04-2025 16:29:13 - INFO - Load pretrained SentenceTransformer: sentence-transformers/LaBSE
16-04-2025 16:29:19 - INFO - Use pytorch device_name: cpu
16-04-2025 16:29:19 - INFO - Load pretrained SentenceTransformer: sentence-transformers/LaBSE
16-04-2025 16:29:24 - INFO - Use pytorch device_name: cpu
16-04-2025 16:29:24 - INFO - Load pretrained SentenceTransformer: sentence-transformers/LaBSE
16-04-2025 16:29:28 - INFO - Use pytorch device_name: cpu
16-04-2025 16:29:28 - INFO - Load pretrained SentenceTransformer: sentence-transformers/LaBSE
16-04-2025 16:29:33 - INFO - Use pytorch device_name: cpu
16-04-2025 16:29:33 - INFO - Load pretrained SentenceTransformer: sentence-transformers/LaBSE
16-04-2025 16:29:37 - INFO - Use pytorch device_name: cpu
16-04-2025 16:29:37 - INFO - Load pretrained SentenceTransformer: sentence-transformers/LaBSE
16-04-2025 16:29:42 - INFO - Use pytorch device_name: cpu
16-04-2025 16:29:42 - INFO - Load pretrained SentenceTransformer: sentence-transformers/LaBSE
16-04-2025 16:29:47 - INFO - Use pytorch device_name: cpu
16-04-2025 16:29:47 - INFO - Load pretrained SentenceTransformer: sentence-transformers/LaBSE
16-04-2025 16:29:52 - INFO - Use pytorch device_name: cpu
16-04-2025 16:29:52 - INFO - Load pretrained SentenceTransformer: sentence-transformers/LaBSE
16-04-2025 16:29:57 - INFO - Use pytorch device_name: cpu
16-04-2025 16:29:57 - INFO - Load pretrained SentenceTransformer: sentence-transformers/LaBSE
16-04-2025 19:54:22 - INFO - Use pytorch device_name: cpu
16-04-2025 19:54:22 - INFO - Load pretrained SentenceTransformer: sentence-transformers/LaBSE
16-04-2025 19:54:29 - INFO - Use pytorch device_name: cpu
16-04-2025 19:54:29 - INFO - Load pretrained SentenceTransformer: sentence-transformers/LaBSE
16-04-2025 19:54:33 - INFO - Use pytorch device_name: cpu
16-04-2025 19:54:33 - INFO - Load pretrained SentenceTransformer: sentence-transformers/LaBSE
16-04-2025 19:54:38 - INFO - Use pytorch device_name: cpu
16-04-2025 19:54:38 - INFO - Load pretrained SentenceTransformer: sentence-transformers/LaBSE
16-04-2025 19:54:43 - INFO - Use pytorch device_name: cpu
16-04-2025 19:54:43 - INFO - Load pretrained SentenceTransformer: sentence-transformers/LaBSE
16-04-2025 19:54:48 - INFO - Use pytorch device_name: cpu
16-04-2025 19:54:48 - INFO - Load pretrained SentenceTransformer: sentence-transformers/LaBSE
16-04-2025 19:54:53 - INFO - Use pytorch device_name: cpu
16-04-2025 19:54:53 - INFO - Load pretrained SentenceTransformer: sentence-transformers/LaBSE
16-04-2025 19:54:58 - INFO - Use pytorch device_name: cpu
16-04-2025 19:54:58 - INFO - Load pretrained SentenceTransformer: sentence-transformers/LaBSE
16-04-2025 19:55:02 - INFO - Use pytorch device_name: cpu
16-04-2025 19:55:02 - INFO - Load pretrained SentenceTransformer: sentence-transformers/LaBSE
16-04-2025 19:55:07 - INFO - Use pytorch device_name: cpu
16-04-2025 19:55:07 - INFO - Load pretrained SentenceTransformer: sentence-transformers/LaBSE
16-04-2025 19:55:11 - INFO - Use pytorch device_name: cpu
16-04-2025 19:55:11 - INFO - Load pretrained SentenceTransformer: sentence-transformers/LaBSE
16-04-2025 19:55:16 - INFO - Use pytorch device_name: cpu
16-04-2025 19:55:16 - INFO - Load pretrained SentenceTransformer: sentence-transformers/LaBSE
16-04-2025 19:55:21 - INFO - Use pytorch device_name: cpu
16-04-2025 19:55:21 - INFO - Load pretrained SentenceTransformer: sentence-transformers/LaBSE
16-04-2025 19:55:26 - INFO - Use pytorch device_name: cpu
16-04-2025 19:55:26 - INFO - Load pretrained SentenceTransformer: sentence-transformers/LaBSE
16-04-2025 19:55:31 - INFO - Use pytorch device_name: cpu
16-04-2025 19:55:31 - INFO - Load pretrained SentenceTransformer: sentence-transformers/LaBSE
16-04-2025 19:55:35 - INFO - Use pytorch device_name: cpu
16-04-2025 19:55:35 - INFO - Load pretrained SentenceTransformer: sentence-transformers/LaBSE
16-04-2025 19:55:40 - INFO - Use pytorch device_name: cpu
16-04-2025 19:55:40 - INFO - Load pretrained SentenceTransformer: sentence-transformers/LaBSE
16-04-2025 19:55:45 - INFO - Use pytorch device_name: cpu
16-04-2025 19:55:45 - INFO - Load pretrained SentenceTransformer: sentence-transformers/LaBSE
16-04-2025 19:55:50 - INFO - Use pytorch device_name: cpu
16-04-2025 19:55:50 - INFO - Load pretrained SentenceTransformer: sentence-transformers/LaBSE
16-04-2025 19:55:56 - INFO - Use pytorch device_name: cpu
16-04-2025 19:55:56 - INFO - Load pretrained SentenceTransformer: sentence-transformers/LaBSE
16-04-2025 19:56:01 - INFO - Use pytorch device_name: cpu
16-04-2025 19:56:01 - INFO - Load pretrained SentenceTransformer: sentence-transformers/LaBSE
16-04-2025 19:56:06 - INFO - Use pytorch device_name: cpu
16-04-2025 19:56:06 - INFO - Load pretrained SentenceTransformer: sentence-transformers/LaBSE
16-04-2025 19:56:10 - INFO - Use pytorch device_name: cpu
16-04-2025 19:56:10 - INFO - Load pretrained SentenceTransformer: sentence-transformers/LaBSE
16-04-2025 19:56:16 - INFO - Use pytorch device_name: cpu
16-04-2025 19:56:16 - INFO - Load pretrained SentenceTransformer: sentence-transformers/LaBSE
16-04-2025 19:56:23 - INFO - Use pytorch device_name: cpu
16-04-2025 19:56:23 - INFO - Load pretrained SentenceTransformer: sentence-transformers/LaBSE
16-04-2025 19:56:28 - INFO - Use pytorch device_name: cpu
16-04-2025 19:56:28 - INFO - Load pretrained SentenceTransformer: sentence-transformers/LaBSE
16-04-2025 19:56:33 - INFO - Use pytorch device_name: cpu
16-04-2025 19:56:33 - INFO - Load pretrained SentenceTransformer: sentence-transformers/LaBSE
16-04-2025 19:56:37 - INFO - Use pytorch device_name: cpu
16-04-2025 19:56:37 - INFO - Load pretrained SentenceTransformer: sentence-transformers/LaBSE
16-04-2025 19:56:42 - INFO - Use pytorch device_name: cpu
16-04-2025 19:56:42 - INFO - Load pretrained SentenceTransformer: sentence-transformers/LaBSE
16-04-2025 19:56:46 - INFO - Use pytorch device_name: cpu
16-04-2025 19:56:46 - INFO - Load pretrained SentenceTransformer: sentence-transformers/LaBSE
16-04-2025 19:56:52 - INFO - Use pytorch device_name: cpu
16-04-2025 19:56:52 - INFO - Load pretrained SentenceTransformer: sentence-transformers/LaBSE
16-04-2025 19:56:57 - INFO - Use pytorch device_name: cpu
16-04-2025 19:56:57 - INFO - Load pretrained SentenceTransformer: sentence-transformers/LaBSE
16-04-2025 19:57:02 - INFO - Use pytorch device_name: cpu
16-04-2025 19:57:02 - INFO - Load pretrained SentenceTransformer: sentence-transformers/LaBSE
16-04-2025 19:57:06 - INFO - Use pytorch device_name: cpu
16-04-2025 19:57:06 - INFO - Load pretrained SentenceTransformer: sentence-transformers/LaBSE
16-04-2025 19:57:11 - INFO - Use pytorch device_name: cpu
16-04-2025 19:57:11 - INFO - Load pretrained SentenceTransformer: sentence-transformers/LaBSE
16-04-2025 19:57:16 - INFO - Use pytorch device_name: cpu
16-04-2025 19:57:16 - INFO - Load pretrained SentenceTransformer: sentence-transformers/LaBSE
16-04-2025 19:57:20 - INFO - Use pytorch device_name: cpu
16-04-2025 19:57:20 - INFO - Load pretrained SentenceTransformer: sentence-transformers/LaBSE
16-04-2025 19:57:25 - INFO - Use pytorch device_name: cpu
16-04-2025 19:57:25 - INFO - Load pretrained SentenceTransformer: sentence-transformers/LaBSE
16-04-2025 19:57:30 - INFO - Use pytorch device_name: cpu
16-04-2025 19:57:30 - INFO - Load pretrained SentenceTransformer: sentence-transformers/LaBSE
16-04-2025 19:57:34 - INFO - Use pytorch device_name: cpu
16-04-2025 19:57:34 - INFO - Load pretrained SentenceTransformer: sentence-transformers/LaBSE
16-04-2025 19:57:39 - INFO - Use pytorch device_name: cpu
16-04-2025 19:57:39 - INFO - Load pretrained SentenceTransformer: sentence-transformers/LaBSE
16-04-2025 19:57:43 - INFO - Use pytorch device_name: cpu
16-04-2025 19:57:43 - INFO - Load pretrained SentenceTransformer: sentence-transformers/LaBSE
16-04-2025 19:57:48 - INFO - Use pytorch device_name: cpu
16-04-2025 19:57:48 - INFO - Load pretrained SentenceTransformer: sentence-transformers/LaBSE
19-04-2025 11:09:01 - INFO - Use pytorch device_name: cpu
19-04-2025 11:09:01 - INFO - Load pretrained SentenceTransformer: sentence-transformers/LaBSE
19-04-2025 11:17:07 - INFO - Use pytorch device_name: cpu
19-04-2025 11:17:07 - INFO - Load pretrained SentenceTransformer: sentence-transformers/LaBSE
19-04-2025 11:18:17 - INFO - Use pytorch device_name: cpu
19-04-2025 11:18:17 - INFO - Load pretrained SentenceTransformer: sentence-transformers/LaBSE
19-04-2025 11:19:52 - INFO - Use pytorch device_name: cpu
19-04-2025 11:19:52 - INFO - Load pretrained SentenceTransformer: sentence-transformers/LaBSE
19-04-2025 11:21:17 - INFO - Use pytorch device_name: cpu
19-04-2025 11:21:17 - INFO - Load pretrained SentenceTransformer: sentence-transformers/LaBSE
19-04-2025 11:21:37 - INFO - Use pytorch device_name: cpu
19-04-2025 11:21:37 - INFO - Load pretrained SentenceTransformer: sentence-transformers/LaBSE
19-04-2025 11:25:53 - INFO - Use pytorch device_name: cpu
19-04-2025 11:25:53 - INFO - Load pretrained SentenceTransformer: sentence-transformers/LaBSE
19-04-2025 11:26:43 - INFO - Use pytorch device_name: cpu
19-04-2025 11:26:43 - INFO - Load pretrained SentenceTransformer: sentence-transformers/LaBSE
19-04-2025 11:29:39 - INFO - Use pytorch device_name: cpu
19-04-2025 11:29:39 - INFO - Load pretrained SentenceTransformer: sentence-transformers/LaBSE
19-04-2025 11:30:57 - INFO - Use pytorch device_name: cpu
19-04-2025 11:30:57 - INFO - Load pretrained SentenceTransformer: sentence-transformers/LaBSE
19-04-2025 11:31:14 - INFO - Use pytorch device_name: cpu
19-04-2025 11:31:14 - INFO - Load pretrained SentenceTransformer: sentence-transformers/LaBSE
19-04-2025 11:32:33 - INFO - Use pytorch device_name: cpu
19-04-2025 11:32:33 - INFO - Load pretrained SentenceTransformer: sentence-transformers/LaBSE
19-04-2025 11:33:00 - INFO - Use pytorch device_name: cpu
19-04-2025 11:33:00 - INFO - Load pretrained SentenceTransformer: sentence-transformers/LaBSE
19-04-2025 11:33:51 - INFO - Use pytorch device_name: cpu
19-04-2025 11:33:51 - INFO - Load pretrained SentenceTransformer: sentence-transformers/LaBSE
19-04-2025 11:34:03 - INFO - Use pytorch device_name: cpu
19-04-2025 11:34:03 - INFO - Load pretrained SentenceTransformer: sentence-transformers/LaBSE
19-04-2025 11:40:21 - INFO - Use pytorch device_name: cpu
19-04-2025 11:40:21 - INFO - Load pretrained SentenceTransformer: sentence-transformers/LaBSE
19-04-2025 11:40:39 - INFO - Use pytorch device_name: cpu
19-04-2025 11:40:39 - INFO - Load pretrained SentenceTransformer: sentence-transformers/LaBSE
19-04-2025 11:41:10 - INFO - Use pytorch device_name: cpu
19-04-2025 11:41:10 - INFO - Load pretrained SentenceTransformer: sentence-transformers/LaBSE
19-04-2025 11:42:22 - INFO - Use pytorch device_name: cpu
19-04-2025 11:42:22 - INFO - Load pretrained SentenceTransformer: sentence-transformers/LaBSE
19-04-2025 11:43:30 - INFO - Use pytorch device_name: cpu
19-04-2025 11:43:30 - INFO - Load pretrained SentenceTransformer: sentence-transformers/LaBSE
19-04-2025 11:43:33 - INFO - Use pytorch device_name: cpu
19-04-2025 11:43:33 - INFO - Load pretrained SentenceTransformer: sentence-transformers/LaBSE
19-04-2025 11:43:36 - INFO - Use pytorch device_name: cpu
19-04-2025 11:43:36 - INFO - Load pretrained SentenceTransformer: sentence-transformers/LaBSE
19-04-2025 11:43:39 - INFO - Use pytorch device_name: cpu
19-04-2025 11:43:39 - INFO - Load pretrained SentenceTransformer: sentence-transformers/LaBSE
19-04-2025 11:43:42 - INFO - Use pytorch device_name: cpu
19-04-2025 11:43:42 - INFO - Load pretrained SentenceTransformer: sentence-transformers/LaBSE
19-04-2025 11:43:44 - INFO - Use pytorch device_name: cpu
19-04-2025 11:43:44 - INFO - Load pretrained SentenceTransformer: sentence-transformers/LaBSE
19-04-2025 11:43:47 - INFO - Use pytorch device_name: cpu
19-04-2025 11:43:47 - INFO - Load pretrained SentenceTransformer: sentence-transformers/LaBSE
19-04-2025 11:43:50 - INFO - Use pytorch device_name: cpu
19-04-2025 11:43:50 - INFO - Load pretrained SentenceTransformer: sentence-transformers/LaBSE
19-04-2025 11:43:54 - INFO - Use pytorch device_name: cpu
19-04-2025 11:43:54 - INFO - Load pretrained SentenceTransformer: sentence-transformers/LaBSE
19-04-2025 11:43:57 - INFO - Use pytorch device_name: cpu
19-04-2025 11:43:57 - INFO - Load pretrained SentenceTransformer: sentence-transformers/LaBSE
19-04-2025 11:43:59 - INFO - Use pytorch device_name: cpu
19-04-2025 11:43:59 - INFO - Load pretrained SentenceTransformer: sentence-transformers/LaBSE
19-04-2025 11:44:02 - INFO - Use pytorch device_name: cpu
19-04-2025 11:44:02 - INFO - Load pretrained SentenceTransformer: sentence-transformers/LaBSE
19-04-2025 11:44:05 - INFO - Use pytorch device_name: cpu
19-04-2025 11:44:05 - INFO - Load pretrained SentenceTransformer: sentence-transformers/LaBSE
19-04-2025 11:44:08 - INFO - Use pytorch device_name: cpu
19-04-2025 11:44:08 - INFO - Load pretrained SentenceTransformer: sentence-transformers/LaBSE
19-04-2025 11:44:11 - INFO - Use pytorch device_name: cpu
19-04-2025 11:44:11 - INFO - Load pretrained SentenceTransformer: sentence-transformers/LaBSE
19-04-2025 11:44:13 - INFO - Use pytorch device_name: cpu
19-04-2025 11:44:13 - INFO - Load pretrained SentenceTransformer: sentence-transformers/LaBSE
19-04-2025 11:44:16 - INFO - Use pytorch device_name: cpu
19-04-2025 11:44:16 - INFO - Load pretrained SentenceTransformer: sentence-transformers/LaBSE
19-04-2025 11:44:19 - INFO - Use pytorch device_name: cpu
19-04-2025 11:44:19 - INFO - Load pretrained SentenceTransformer: sentence-transformers/LaBSE
19-04-2025 11:44:22 - INFO - Use pytorch device_name: cpu
19-04-2025 11:44:22 - INFO - Load pretrained SentenceTransformer: sentence-transformers/LaBSE
19-04-2025 11:44:25 - INFO - Use pytorch device_name: cpu
19-04-2025 11:44:25 - INFO - Load pretrained SentenceTransformer: sentence-transformers/LaBSE
19-04-2025 11:44:28 - INFO - Use pytorch device_name: cpu
19-04-2025 11:44:28 - INFO - Load pretrained SentenceTransformer: sentence-transformers/LaBSE
19-04-2025 11:44:36 - INFO - Use pytorch device_name: cpu
19-04-2025 11:44:36 - INFO - Load pretrained SentenceTransformer: sentence-transformers/LaBSE
19-04-2025 11:44:39 - INFO - Use pytorch device_name: cpu
19-04-2025 11:44:39 - INFO - Load pretrained SentenceTransformer: sentence-transformers/LaBSE
19-04-2025 11:44:42 - INFO - Use pytorch device_name: cpu
19-04-2025 11:44:42 - INFO - Load pretrained SentenceTransformer: sentence-transformers/LaBSE
19-04-2025 11:44:46 - INFO - Use pytorch device_name: cpu
19-04-2025 11:44:46 - INFO - Load pretrained SentenceTransformer: sentence-transformers/LaBSE
19-04-2025 11:44:49 - INFO - Use pytorch device_name: cpu
19-04-2025 11:44:49 - INFO - Load pretrained SentenceTransformer: sentence-transformers/LaBSE
19-04-2025 11:44:51 - INFO - Use pytorch device_name: cpu
19-04-2025 11:44:51 - INFO - Load pretrained SentenceTransformer: sentence-transformers/LaBSE
19-04-2025 11:44:54 - INFO - Use pytorch device_name: cpu
19-04-2025 11:44:54 - INFO - Load pretrained SentenceTransformer: sentence-transformers/LaBSE
19-04-2025 11:44:57 - INFO - Use pytorch device_name: cpu
19-04-2025 11:44:57 - INFO - Load pretrained SentenceTransformer: sentence-transformers/LaBSE
19-04-2025 11:45:00 - INFO - Use pytorch device_name: cpu
19-04-2025 11:45:00 - INFO - Load pretrained SentenceTransformer: sentence-transformers/LaBSE
19-04-2025 11:45:03 - INFO - Use pytorch device_name: cpu
19-04-2025 11:45:03 - INFO - Load pretrained SentenceTransformer: sentence-transformers/LaBSE
19-04-2025 11:45:05 - INFO - Use pytorch device_name: cpu
19-04-2025 11:45:05 - INFO - Load pretrained SentenceTransformer: sentence-transformers/LaBSE
19-04-2025 11:51:20 - INFO - Use pytorch device_name: cpu
19-04-2025 11:51:20 - INFO - Load pretrained SentenceTransformer: sentence-transformers/text-embedding-ada-002
19-04-2025 11:51:21 - WARNING - No sentence-transformers model found with name sentence-transformers/text-embedding-ada-002. Creating a new one with mean pooling.
19-04-2025 12:05:22 - INFO - Use pytorch device_name: cpu
19-04-2025 12:05:22 - INFO - Load pretrained SentenceTransformer: sentence-transformers/LaBSE
19-04-2025 12:30:41 - INFO - Use pytorch device_name: cpu
19-04-2025 12:30:41 - INFO - Load pretrained SentenceTransformer: sentence-transformers/LaBSE
19-04-2025 12:41:13 - INFO - Use pytorch device_name: cpu
19-04-2025 12:41:13 - INFO - Load pretrained SentenceTransformer: sentence-transformers/LaBSE
19-04-2025 13:41:25 - INFO - Use pytorch device_name: cpu
19-04-2025 13:41:25 - INFO - Load pretrained SentenceTransformer: Xenova/text-embedding-ada-002
19-04-2025 13:41:25 - WARNING - No sentence-transformers model found with name Xenova/text-embedding-ada-002. Creating a new one with mean pooling.
19-04-2025 14:20:24 - INFO - Use pytorch device_name: cpu
19-04-2025 14:20:24 - INFO - Load pretrained SentenceTransformer: sentence-transformers/LaBSE
19-04-2025 14:22:49 - INFO - Use pytorch device_name: cpu
19-04-2025 14:22:49 - INFO - Load pretrained SentenceTransformer: sentence-transformers/LaBSE
19-04-2025 14:22:54 - INFO - Use pytorch device_name: cpu
19-04-2025 14:22:54 - INFO - Load pretrained SentenceTransformer: sentence-transformers/LaBSE
19-04-2025 14:22:59 - INFO - Use pytorch device_name: cpu
19-04-2025 14:22:59 - INFO - Load pretrained SentenceTransformer: sentence-transformers/LaBSE
19-04-2025 14:23:03 - INFO - Use pytorch device_name: cpu
19-04-2025 14:23:03 - INFO - Load pretrained SentenceTransformer: sentence-transformers/LaBSE
19-04-2025 14:23:07 - INFO - Use pytorch device_name: cpu
19-04-2025 14:23:07 - INFO - Load pretrained SentenceTransformer: sentence-transformers/LaBSE
19-04-2025 14:23:11 - INFO - Use pytorch device_name: cpu
19-04-2025 14:23:11 - INFO - Load pretrained SentenceTransformer: sentence-transformers/LaBSE
19-04-2025 14:23:15 - INFO - Use pytorch device_name: cpu
19-04-2025 14:23:15 - INFO - Load pretrained SentenceTransformer: sentence-transformers/LaBSE
19-04-2025 14:23:19 - INFO - Use pytorch device_name: cpu
19-04-2025 14:23:19 - INFO - Load pretrained SentenceTransformer: sentence-transformers/LaBSE
19-04-2025 14:23:23 - INFO - Use pytorch device_name: cpu
19-04-2025 14:23:23 - INFO - Load pretrained SentenceTransformer: sentence-transformers/LaBSE
19-04-2025 14:23:29 - INFO - Use pytorch device_name: cpu
19-04-2025 14:23:29 - INFO - Load pretrained SentenceTransformer: sentence-transformers/LaBSE
19-04-2025 14:23:33 - INFO - Use pytorch device_name: cpu
19-04-2025 14:23:33 - INFO - Load pretrained SentenceTransformer: sentence-transformers/LaBSE
19-04-2025 14:23:37 - INFO - Use pytorch device_name: cpu
19-04-2025 14:23:37 - INFO - Load pretrained SentenceTransformer: sentence-transformers/LaBSE
19-04-2025 14:23:41 - INFO - Use pytorch device_name: cpu
19-04-2025 14:23:41 - INFO - Load pretrained SentenceTransformer: sentence-transformers/LaBSE
19-04-2025 14:23:45 - INFO - Use pytorch device_name: cpu
19-04-2025 14:23:45 - INFO - Load pretrained SentenceTransformer: sentence-transformers/LaBSE
19-04-2025 14:23:50 - INFO - Use pytorch device_name: cpu
19-04-2025 14:23:50 - INFO - Load pretrained SentenceTransformer: sentence-transformers/LaBSE
19-04-2025 14:23:54 - INFO - Use pytorch device_name: cpu
19-04-2025 14:23:54 - INFO - Load pretrained SentenceTransformer: sentence-transformers/LaBSE
19-04-2025 14:23:58 - INFO - Use pytorch device_name: cpu
19-04-2025 14:23:58 - INFO - Load pretrained SentenceTransformer: sentence-transformers/LaBSE
19-04-2025 14:24:03 - INFO - Use pytorch device_name: cpu
19-04-2025 14:24:03 - INFO - Load pretrained SentenceTransformer: sentence-transformers/LaBSE
19-04-2025 14:24:07 - INFO - Use pytorch device_name: cpu
19-04-2025 14:24:07 - INFO - Load pretrained SentenceTransformer: sentence-transformers/LaBSE
19-04-2025 14:24:12 - INFO - Use pytorch device_name: cpu
19-04-2025 14:24:12 - INFO - Load pretrained SentenceTransformer: sentence-transformers/LaBSE
19-04-2025 14:24:16 - INFO - Use pytorch device_name: cpu
19-04-2025 14:24:16 - INFO - Load pretrained SentenceTransformer: sentence-transformers/LaBSE
19-04-2025 14:24:21 - INFO - Use pytorch device_name: cpu
19-04-2025 14:24:21 - INFO - Load pretrained SentenceTransformer: sentence-transformers/LaBSE
19-04-2025 14:24:29 - INFO - Use pytorch device_name: cpu
19-04-2025 14:24:29 - INFO - Load pretrained SentenceTransformer: sentence-transformers/LaBSE
19-04-2025 14:24:33 - INFO - Use pytorch device_name: cpu
19-04-2025 14:24:33 - INFO - Load pretrained SentenceTransformer: sentence-transformers/LaBSE
19-04-2025 14:24:38 - INFO - Use pytorch device_name: cpu
19-04-2025 14:24:38 - INFO - Load pretrained SentenceTransformer: sentence-transformers/LaBSE
19-04-2025 14:24:42 - INFO - Use pytorch device_name: cpu
19-04-2025 14:24:42 - INFO - Load pretrained SentenceTransformer: sentence-transformers/LaBSE
19-04-2025 14:24:46 - INFO - Use pytorch device_name: cpu
19-04-2025 14:24:46 - INFO - Load pretrained SentenceTransformer: sentence-transformers/LaBSE
19-04-2025 14:24:50 - INFO - Use pytorch device_name: cpu
19-04-2025 14:24:50 - INFO - Load pretrained SentenceTransformer: sentence-transformers/LaBSE
19-04-2025 14:24:54 - INFO - Use pytorch device_name: cpu
19-04-2025 14:24:54 - INFO - Load pretrained SentenceTransformer: sentence-transformers/LaBSE
19-04-2025 14:24:59 - INFO - Use pytorch device_name: cpu
19-04-2025 14:24:59 - INFO - Load pretrained SentenceTransformer: sentence-transformers/LaBSE
19-04-2025 14:25:03 - INFO - Use pytorch device_name: cpu
19-04-2025 14:25:03 - INFO - Load pretrained SentenceTransformer: sentence-transformers/LaBSE
19-04-2025 14:25:08 - INFO - Use pytorch device_name: cpu
19-04-2025 14:25:08 - INFO - Load pretrained SentenceTransformer: sentence-transformers/LaBSE
19-04-2025 16:38:07 - INFO - Use pytorch device_name: cpu
19-04-2025 16:38:07 - INFO - Load pretrained SentenceTransformer: sentence-transformers/LaBSE
19-04-2025 16:45:47 - INFO - Use pytorch device_name: cpu
19-04-2025 16:45:47 - INFO - Load pretrained SentenceTransformer: sentence-transformers/LaBSE
19-04-2025 16:47:25 - INFO - Use pytorch device_name: cpu
19-04-2025 16:47:25 - INFO - Load pretrained SentenceTransformer: sentence-transformers/LaBSE
19-04-2025 16:48:27 - INFO - Use pytorch device_name: cpu
19-04-2025 16:48:27 - INFO - Load pretrained SentenceTransformer: sentence-transformers/LaBSE
19-04-2025 16:49:20 - INFO - Use pytorch device_name: cpu
19-04-2025 16:49:20 - INFO - Load pretrained SentenceTransformer: sentence-transformers/LaBSE
19-04-2025 16:49:49 - INFO - Use pytorch device_name: cpu
19-04-2025 16:49:49 - INFO - Load pretrained SentenceTransformer: sentence-transformers/LaBSE
